[debug] [2024-06-26T18:41:58.702Z] ----------------------------------------------------------------------
[debug] [2024-06-26T18:41:58.704Z] Command:       /home/jhimydev/.nvm/versions/node/v20.14.0/bin/node /home/jhimydev/.nvm/versions/node/v20.14.0/bin/firebase init
[debug] [2024-06-26T18:41:58.704Z] CLI Version:   13.12.0
[debug] [2024-06-26T18:41:58.705Z] Platform:      linux
[debug] [2024-06-26T18:41:58.705Z] Node Version:  v20.14.0
[debug] [2024-06-26T18:41:58.705Z] Time:          Wed Jun 26 2024 14:41:58 GMT-0400 (Eastern Daylight Time)
[debug] [2024-06-26T18:41:58.705Z] ----------------------------------------------------------------------
[debug] 
[debug] [2024-06-26T18:41:58.709Z] > command requires scopes: ["email","openid","https://www.googleapis.com/auth/cloudplatformprojects.readonly","https://www.googleapis.com/auth/firebase","https://www.googleapis.com/auth/cloud-platform"]
[debug] [2024-06-26T18:41:58.709Z] > authorizing via signed-in user (chance.jhimy@gmail.com)
[info] 
     ######## #### ########  ######## ########     ###     ######  ########
     ##        ##  ##     ## ##       ##     ##  ##   ##  ##       ##
     ######    ##  ########  ######   ########  #########  ######  ######
     ##        ##  ##    ##  ##       ##     ## ##     ##       ## ##
     ##       #### ##     ## ######## ########  ##     ##  ######  ########

You're about to initialize a Firebase project in this directory:

  /home/jhimydev/p2024/pFrontend/oasisAndino/app-oasis-angular

[info] 
=== Project Setup
[info] 
[info] First, let's associate this project directory with a Firebase project.
[info] You can create multiple project aliases by running firebase use --add, 
[info] but for now we'll just set up a default project.
[info] 
[debug] [2024-06-26T18:42:19.657Z] >>> [apiv2][query] GET https://firebase.googleapis.com/v1beta1/projects pageSize=100
[debug] [2024-06-26T18:42:20.298Z] <<< [apiv2][status] GET https://firebase.googleapis.com/v1beta1/projects 200
[debug] [2024-06-26T18:42:20.299Z] <<< [apiv2][body] GET https://firebase.googleapis.com/v1beta1/projects [omitted]
[info] i  Using project app-oasis-angular (app-oasis-angular) 
[info] 
=== Hosting Setup
[debug] [2024-06-26T18:42:23.753Z] >>> [apiv2][query] GET https://firebase.googleapis.com/v1beta1/projects/app-oasis-angular [none]
[debug] [2024-06-26T18:42:24.035Z] <<< [apiv2][status] GET https://firebase.googleapis.com/v1beta1/projects/app-oasis-angular 200
[debug] [2024-06-26T18:42:24.035Z] <<< [apiv2][body] GET https://firebase.googleapis.com/v1beta1/projects/app-oasis-angular {"projectId":"app-oasis-angular","projectNumber":"232946713649","displayName":"app-oasis-angular","name":"projects/app-oasis-angular","resources":{"hostingSite":"app-oasis-angular"},"state":"ACTIVE","etag":"1_80658c28-94fc-4ff8-80bb-bdc7cbb39145"}
[info] 
[info] Your public directory is the folder (relative to your project directory) that
[info] will contain Hosting assets to be uploaded with firebase deploy. If you
[info] have a build process for your assets, use your build's output directory.
[info] 
[debug] [2024-06-26T18:51:04.202Z] >>> [apiv2][query] GET https://www.gstatic.com/firebasejs/releases.json [none]
[debug] [2024-06-26T18:51:04.331Z] <<< [apiv2][status] GET https://www.gstatic.com/firebasejs/releases.json 200
[debug] [2024-06-26T18:51:04.331Z] <<< [apiv2][body] GET https://www.gstatic.com/firebasejs/releases.json {"current":{"version":"10.12.2","browserURL":"https://www.gstatic.com/firebasejs/10.12.2/firebase.js","packageURL":"https://www.gstatic.com/firebasejs/10.12.2/firebase.tgz"},"live":{"version":"10.12","browserURL":"https://www.gstatic.com/firebasejs/live/10.12/firebase.js","packageURL":"https://www.gstatic.com/firebasejs/live/10.12/firebase.tgz"},"components":{"analytics":"https://www.gstatic.com/firebasejs/10.12.2/firebase-analytics.js","app":"https://www.gstatic.com/firebasejs/10.12.2/firebase-app.js","app-check":"https://www.gstatic.com/firebasejs/10.12.2/firebase-app-check.js","auth":"https://www.gstatic.com/firebasejs/10.12.2/firebase-auth.js","auth/cordova":"https://www.gstatic.com/firebasejs/10.12.2/firebase-auth/cordova.js","auth/web-extension":"https://www.gstatic.com/firebasejs/10.12.2/firebase-auth/web-extension.js","functions":"https://www.gstatic.com/firebasejs/10.12.2/firebase-functions.js","firestore":"https://www.gstatic.com/firebasejs/10.12.2/firebase-firestore.js","firestore/lite":"https://www.gstatic.com/firebasejs/10.12.2/firebase-firestore/lite.js","installations":"https://www.gstatic.com/firebasejs/10.12.2/firebase-installations.js","storage":"https://www.gstatic.com/firebasejs/10.12.2/firebase-storage.js","performance":"https://www.gstatic.com/firebasejs/10.12.2/firebase-performance.js","remote-config":"https://www.gstatic.com/firebasejs/10.12.2/firebase-remote-config.js","messaging":"https://www.gstatic.com/firebasejs/10.12.2/firebase-messaging.js","messaging/sw":"https://www.gstatic.com/firebasejs/10.12.2/firebase-messaging/sw.js","database":"https://www.gstatic.com/firebasejs/10.12.2/firebase-database.js","vertexai-preview":"https://www.gstatic.com/firebasejs/10.12.2/firebase-vertexai-preview.js","firestore.memory":"https://www.gstatic.com/firebasejs/10.12.2/firebase-firestore.memory.js"}}
[info] ✔  Wrote dist/app-oasis-angular/index.html 
[info] 
[info] i  Detected a .git folder at /home/jhimydev/p2024/pFrontend/oasisAndino/app-oasis-angular 
[info] i  Authorizing with GitHub to upload your service account to a GitHub repository's secrets store. 
[info] 
[info] Visit this URL on this device to log in:
[info] https://github.com/login/oauth/authorize?client_id=89cf50f02ac6aaed3484&state=451377964&redirect_uri=http%3A%2F%2Flocalhost%3A9005&scope=read%3Auser%20repo%20public_repo
[info] 
[info] Waiting for authentication...
[debug] [2024-06-26T18:51:24.521Z] >>> [apiv2][query] POST https://github.com/login/oauth/access_token [none]
[debug] [2024-06-26T18:51:24.522Z] >>> [apiv2][body] POST https://github.com/login/oauth/access_token [stream]
[debug] [2024-06-26T18:51:24.948Z] <<< [apiv2][status] POST https://github.com/login/oauth/access_token 200
[debug] [2024-06-26T18:51:24.949Z] <<< [apiv2][body] POST https://github.com/login/oauth/access_token {"access_token":"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","token_type":"bearer","scope":"read:user,repo"}
[debug] [2024-06-26T18:51:24.963Z] >>> [apiv2][query] GET https://api.github.com/user [none]
[debug] [2024-06-26T18:51:25.374Z] <<< [apiv2][status] GET https://api.github.com/user 200
[debug] [2024-06-26T18:51:25.374Z] <<< [apiv2][body] GET https://api.github.com/user {"login":"jying08","id":164220582,"node_id":"U_kgDOCcnOpg","avatar_url":"https://avatars.githubusercontent.com/u/164220582?v=4","gravatar_id":"","url":"https://api.github.com/users/jying08","html_url":"https://github.com/jying08","followers_url":"https://api.github.com/users/jying08/followers","following_url":"https://api.github.com/users/jying08/following{/other_user}","gists_url":"https://api.github.com/users/jying08/gists{/gist_id}","starred_url":"https://api.github.com/users/jying08/starred{/owner}{/repo}","subscriptions_url":"https://api.github.com/users/jying08/subscriptions","organizations_url":"https://api.github.com/users/jying08/orgs","repos_url":"https://api.github.com/users/jying08/repos","events_url":"https://api.github.com/users/jying08/events{/privacy}","received_events_url":"https://api.github.com/users/jying08/received_events","type":"User","site_admin":false,"name":null,"company":null,"blog":"","location":null,"email":null,"hireable":null,"bio":null,"twitter_username":null,"public_repos":13,"public_gists":1,"followers":0,"following":0,"created_at":"2024-03-20T16:44:52Z","updated_at":"2024-06-25T21:16:27Z","private_gists":0,"total_private_repos":0,"owned_private_repos":0,"disk_usage":1983,"collaborators":0,"two_factor_authentication":true,"plan":{"name":"free","space":976562499,"collaborators":0,"private_repos":10000}}
[info] 
[info] ✔  Success! Logged into GitHub as jying08 
[info] 
